2018-09-25 15:47:23,673 INFO 36300 [egg:logger] init all loggers with options: {"dir":"D:\\workspace\\node\\wechat-egg\\logs\\wechat-egg","encoding":"utf8","env":"local","level":"INFO","consoleLevel":"INFO","disableConsoleAfterReady":false,"outputJSON":false,"buffer":true,"appLogName":"wechat-egg-web.log","coreLogName":"egg-web.log","agentLogName":"egg-agent.log","errorLogName":"common-error.log","coreLogger":{"consoleLevel":"WARN"},"allowDebugAtProd":false,"type":"application"}
2018-09-25 15:47:23,712 INFO 36300 [egg-schedule]: register schedule D:\workspace\node\wechat-egg\node_modules\egg-logrotator\app\schedule\clean_log.js
2018-09-25 15:47:23,712 INFO 36300 [egg-schedule]: register schedule D:\workspace\node\wechat-egg\node_modules\egg-logrotator\app\schedule\rotate_by_file.js
2018-09-25 15:47:23,864 INFO 36300 [egg-static] starting static serve /public/ -> D:\workspace\node\wechat-egg\app\public
2018-09-25 15:47:23,867 INFO 36300 [egg-security] use methodnoallow middleware
2018-09-25 15:47:23,868 INFO 36300 [egg-security] use noopen middleware
2018-09-25 15:47:23,871 INFO 36300 [egg-security] use nosniff middleware
2018-09-25 15:47:23,872 INFO 36300 [egg-security] use xssProtection middleware
2018-09-25 15:47:23,873 INFO 36300 [egg-security] use xframe middleware
2018-09-25 15:47:23,873 INFO 36300 [egg-security] use dta middleware
2018-09-25 15:47:23,873 INFO 36300 [egg-security] compose 6 middlewares into one security middleware
2018-09-25 15:47:23,888 INFO 36300 [egg:core] dump config after load, 7ms
2018-09-25 15:47:23,947 INFO 36300 [egg-watcher:application] watcher start success
2018-09-25 15:47:23,974 INFO 36300 [egg:core] dump config after ready, 8ms
2018-09-25 15:48:22,899 INFO 23640 [egg:logger] init all loggers with options: {"dir":"D:\\workspace\\node\\wechat-egg\\logs\\wechat-egg","encoding":"utf8","env":"local","level":"INFO","consoleLevel":"INFO","disableConsoleAfterReady":false,"outputJSON":false,"buffer":true,"appLogName":"wechat-egg-web.log","coreLogName":"egg-web.log","agentLogName":"egg-agent.log","errorLogName":"common-error.log","coreLogger":{"consoleLevel":"WARN"},"allowDebugAtProd":false,"type":"application"}
2018-09-25 15:48:22,945 INFO 23640 [egg-schedule]: register schedule D:\workspace\node\wechat-egg\node_modules\egg-logrotator\app\schedule\clean_log.js
2018-09-25 15:48:22,945 INFO 23640 [egg-schedule]: register schedule D:\workspace\node\wechat-egg\node_modules\egg-logrotator\app\schedule\rotate_by_file.js
2018-09-25 15:48:23,094 INFO 23640 [egg-static] starting static serve /public/ -> D:\workspace\node\wechat-egg\app\public
2018-09-25 15:48:23,097 INFO 23640 [egg-security] use methodnoallow middleware
2018-09-25 15:48:23,098 INFO 23640 [egg-security] use noopen middleware
2018-09-25 15:48:23,099 INFO 23640 [egg-security] use nosniff middleware
2018-09-25 15:48:23,099 INFO 23640 [egg-security] use xssProtection middleware
2018-09-25 15:48:23,100 INFO 23640 [egg-security] use xframe middleware
2018-09-25 15:48:23,101 INFO 23640 [egg-security] use dta middleware
2018-09-25 15:48:23,101 INFO 23640 [egg-security] compose 6 middlewares into one security middleware
2018-09-25 15:48:23,113 INFO 23640 [egg:core] dump config after load, 5ms
2018-09-25 15:48:23,130 INFO 23640 [egg-watcher:application] watcher start success
2018-09-25 15:48:23,141 INFO 23640 [egg:core] dump config after ready, 9ms
2018-09-25 15:48:24,156 INFO 23640 [egg-view-nunjucks] loading templates from ["D:\\workspace\\node\\wechat-egg\\app\\view"]
2018-09-25 15:48:51,481 INFO 36000 [egg:logger] init all loggers with options: {"dir":"D:\\workspace\\node\\wechat-egg\\logs\\wechat-egg","encoding":"utf8","env":"local","level":"INFO","consoleLevel":"INFO","disableConsoleAfterReady":false,"outputJSON":false,"buffer":true,"appLogName":"wechat-egg-web.log","coreLogName":"egg-web.log","agentLogName":"egg-agent.log","errorLogName":"common-error.log","coreLogger":{"consoleLevel":"WARN"},"allowDebugAtProd":false,"type":"application"}
2018-09-25 15:48:51,532 INFO 36000 [egg-schedule]: register schedule D:\workspace\node\wechat-egg\node_modules\egg-logrotator\app\schedule\clean_log.js
2018-09-25 15:48:51,532 INFO 36000 [egg-schedule]: register schedule D:\workspace\node\wechat-egg\node_modules\egg-logrotator\app\schedule\rotate_by_file.js
2018-09-25 15:48:51,779 INFO 36000 [egg-static] starting static serve /public/ -> D:\workspace\node\wechat-egg\app\public
2018-09-25 15:48:51,785 INFO 36000 [egg-security] use methodnoallow middleware
2018-09-25 15:48:51,792 INFO 36000 [egg-security] use noopen middleware
2018-09-25 15:48:51,796 INFO 36000 [egg-security] use nosniff middleware
2018-09-25 15:48:51,797 INFO 36000 [egg-security] use xssProtection middleware
2018-09-25 15:48:51,798 INFO 36000 [egg-security] use xframe middleware
2018-09-25 15:48:51,800 INFO 36000 [egg-security] use dta middleware
2018-09-25 15:48:51,800 INFO 36000 [egg-security] compose 6 middlewares into one security middleware
2018-09-25 15:48:51,827 INFO 36000 [egg:core] dump config after load, 12ms
2018-09-25 15:48:51,878 INFO 36000 [egg-watcher:application] watcher start success
2018-09-25 15:48:51,888 INFO 36000 [egg:core] dump config after ready, 7ms
2018-09-25 15:49:05,186 INFO 22108 [egg:logger] init all loggers with options: {"dir":"D:\\workspace\\node\\wechat-egg\\logs\\wechat-egg","encoding":"utf8","env":"local","level":"INFO","consoleLevel":"INFO","disableConsoleAfterReady":false,"outputJSON":false,"buffer":true,"appLogName":"wechat-egg-web.log","coreLogName":"egg-web.log","agentLogName":"egg-agent.log","errorLogName":"common-error.log","coreLogger":{"consoleLevel":"WARN"},"allowDebugAtProd":false,"type":"application"}
2018-09-25 15:49:05,255 INFO 22108 [egg-schedule]: register schedule D:\workspace\node\wechat-egg\node_modules\egg-logrotator\app\schedule\clean_log.js
2018-09-25 15:49:05,255 INFO 22108 [egg-schedule]: register schedule D:\workspace\node\wechat-egg\node_modules\egg-logrotator\app\schedule\rotate_by_file.js
2018-09-25 15:49:05,452 INFO 22108 [egg-static] starting static serve /public/ -> D:\workspace\node\wechat-egg\app\public
2018-09-25 15:49:05,456 INFO 22108 [egg-security] use methodnoallow middleware
2018-09-25 15:49:05,457 INFO 22108 [egg-security] use noopen middleware
2018-09-25 15:49:05,460 INFO 22108 [egg-security] use nosniff middleware
2018-09-25 15:49:05,461 INFO 22108 [egg-security] use xssProtection middleware
2018-09-25 15:49:05,462 INFO 22108 [egg-security] use xframe middleware
2018-09-25 15:49:05,462 INFO 22108 [egg-security] use dta middleware
2018-09-25 15:49:05,462 INFO 22108 [egg-security] compose 6 middlewares into one security middleware
2018-09-25 15:49:05,492 INFO 22108 [egg:core] dump config after load, 14ms
2018-09-25 15:49:05,555 INFO 22108 [egg-watcher:application] watcher start success
2018-09-25 15:49:05,574 INFO 22108 [egg:core] dump config after ready, 15ms
2018-09-25 16:25:23,085 INFO 13508 [egg:logger] init all loggers with options: {"dir":"D:\\workspace\\node\\wechat-egg\\logs\\wechat-egg","encoding":"utf8","env":"local","level":"INFO","consoleLevel":"INFO","disableConsoleAfterReady":false,"outputJSON":false,"buffer":true,"appLogName":"wechat-egg-web.log","coreLogName":"egg-web.log","agentLogName":"egg-agent.log","errorLogName":"common-error.log","coreLogger":{"consoleLevel":"WARN"},"allowDebugAtProd":false,"type":"application"}
2018-09-25 16:25:23,171 INFO 13508 [egg-schedule]: register schedule D:\workspace\node\wechat-egg\node_modules\egg-logrotator\app\schedule\clean_log.js
2018-09-25 16:25:23,171 INFO 13508 [egg-schedule]: register schedule D:\workspace\node\wechat-egg\node_modules\egg-logrotator\app\schedule\rotate_by_file.js
2018-09-25 16:25:23,321 INFO 13508 [egg-static] starting static serve /public/ -> D:\workspace\node\wechat-egg\app\public
2018-09-25 16:25:23,324 INFO 13508 [egg-security] use methodnoallow middleware
2018-09-25 16:25:23,325 INFO 13508 [egg-security] use noopen middleware
2018-09-25 16:25:23,326 INFO 13508 [egg-security] use nosniff middleware
2018-09-25 16:25:23,327 INFO 13508 [egg-security] use xssProtection middleware
2018-09-25 16:25:23,328 INFO 13508 [egg-security] use xframe middleware
2018-09-25 16:25:23,328 INFO 13508 [egg-security] use dta middleware
2018-09-25 16:25:23,328 INFO 13508 [egg-security] compose 6 middlewares into one security middleware
2018-09-25 16:25:23,349 INFO 13508 [egg:core] dump config after load, 7ms
2018-09-25 16:25:23,390 INFO 13508 [egg-watcher:application] watcher start success
2018-09-25 16:25:23,400 INFO 13508 [egg:core] dump config after ready, 8ms
2018-09-25 16:26:15,336 INFO 20132 [egg:logger] init all loggers with options: {"dir":"D:\\workspace\\node\\wechat-egg\\logs\\wechat-egg","encoding":"utf8","env":"local","level":"INFO","consoleLevel":"INFO","disableConsoleAfterReady":false,"outputJSON":false,"buffer":true,"appLogName":"wechat-egg-web.log","coreLogName":"egg-web.log","agentLogName":"egg-agent.log","errorLogName":"common-error.log","coreLogger":{"consoleLevel":"WARN"},"allowDebugAtProd":false,"type":"application"}
2018-09-25 16:26:15,369 INFO 20132 [egg-schedule]: register schedule D:\workspace\node\wechat-egg\node_modules\egg-logrotator\app\schedule\clean_log.js
2018-09-25 16:26:15,369 INFO 20132 [egg-schedule]: register schedule D:\workspace\node\wechat-egg\node_modules\egg-logrotator\app\schedule\rotate_by_file.js
2018-09-25 16:26:15,517 INFO 20132 [egg-static] starting static serve /public/ -> D:\workspace\node\wechat-egg\app\public
2018-09-25 16:26:15,521 INFO 20132 [egg-security] use methodnoallow middleware
2018-09-25 16:26:15,521 INFO 20132 [egg-security] use noopen middleware
2018-09-25 16:26:15,523 INFO 20132 [egg-security] use nosniff middleware
2018-09-25 16:26:15,524 INFO 20132 [egg-security] use xssProtection middleware
2018-09-25 16:26:15,525 INFO 20132 [egg-security] use xframe middleware
2018-09-25 16:26:15,526 INFO 20132 [egg-security] use dta middleware
2018-09-25 16:26:15,526 INFO 20132 [egg-security] compose 6 middlewares into one security middleware
2018-09-25 16:26:15,545 INFO 20132 [egg:core] dump config after load, 9ms
2018-09-25 16:26:15,583 INFO 20132 [egg-watcher:application] watcher start success
2018-09-25 16:26:15,590 INFO 20132 [egg:core] dump config after ready, 4ms
2018-09-25 16:26:19,585 INFO 28652 [egg:logger] init all loggers with options: {"dir":"D:\\workspace\\node\\wechat-egg\\logs\\wechat-egg","encoding":"utf8","env":"local","level":"INFO","consoleLevel":"INFO","disableConsoleAfterReady":false,"outputJSON":false,"buffer":true,"appLogName":"wechat-egg-web.log","coreLogName":"egg-web.log","agentLogName":"egg-agent.log","errorLogName":"common-error.log","coreLogger":{"consoleLevel":"WARN"},"allowDebugAtProd":false,"type":"application"}
2018-09-25 16:26:19,617 INFO 28652 [egg-schedule]: register schedule D:\workspace\node\wechat-egg\node_modules\egg-logrotator\app\schedule\clean_log.js
2018-09-25 16:26:19,618 INFO 28652 [egg-schedule]: register schedule D:\workspace\node\wechat-egg\node_modules\egg-logrotator\app\schedule\rotate_by_file.js
2018-09-25 16:26:19,768 INFO 28652 [egg-static] starting static serve /public/ -> D:\workspace\node\wechat-egg\app\public
2018-09-25 16:26:19,772 INFO 28652 [egg-security] use methodnoallow middleware
2018-09-25 16:26:19,772 INFO 28652 [egg-security] use noopen middleware
2018-09-25 16:26:19,775 INFO 28652 [egg-security] use nosniff middleware
2018-09-25 16:26:19,775 INFO 28652 [egg-security] use xssProtection middleware
2018-09-25 16:26:19,776 INFO 28652 [egg-security] use xframe middleware
2018-09-25 16:26:19,777 INFO 28652 [egg-security] use dta middleware
2018-09-25 16:26:19,777 INFO 28652 [egg-security] compose 6 middlewares into one security middleware
2018-09-25 16:26:19,794 INFO 28652 [egg:core] dump config after load, 10ms
2018-09-25 16:26:19,822 INFO 28652 [egg-watcher:application] watcher start success
2018-09-25 16:26:19,829 INFO 28652 [egg:core] dump config after ready, 5ms
2018-09-25 16:26:26,111 INFO 28472 [egg:logger] init all loggers with options: {"dir":"D:\\workspace\\node\\wechat-egg\\logs\\wechat-egg","encoding":"utf8","env":"local","level":"INFO","consoleLevel":"INFO","disableConsoleAfterReady":false,"outputJSON":false,"buffer":true,"appLogName":"wechat-egg-web.log","coreLogName":"egg-web.log","agentLogName":"egg-agent.log","errorLogName":"common-error.log","coreLogger":{"consoleLevel":"WARN"},"allowDebugAtProd":false,"type":"application"}
2018-09-25 16:26:26,161 INFO 28472 [egg-schedule]: register schedule D:\workspace\node\wechat-egg\node_modules\egg-logrotator\app\schedule\clean_log.js
2018-09-25 16:26:26,161 INFO 28472 [egg-schedule]: register schedule D:\workspace\node\wechat-egg\node_modules\egg-logrotator\app\schedule\rotate_by_file.js
2018-09-25 16:26:26,301 INFO 28472 [egg-static] starting static serve /public/ -> D:\workspace\node\wechat-egg\app\public
2018-09-25 16:26:26,304 INFO 28472 [egg-security] use methodnoallow middleware
2018-09-25 16:26:26,304 INFO 28472 [egg-security] use noopen middleware
2018-09-25 16:26:26,306 INFO 28472 [egg-security] use nosniff middleware
2018-09-25 16:26:26,307 INFO 28472 [egg-security] use xssProtection middleware
2018-09-25 16:26:26,308 INFO 28472 [egg-security] use xframe middleware
2018-09-25 16:26:26,309 INFO 28472 [egg-security] use dta middleware
2018-09-25 16:26:26,309 INFO 28472 [egg-security] compose 6 middlewares into one security middleware
2018-09-25 16:26:26,322 INFO 28472 [egg:core] dump config after load, 6ms
2018-09-25 16:26:26,356 INFO 28472 [egg-watcher:application] watcher start success
2018-09-25 16:26:26,363 INFO 28472 [egg:core] dump config after ready, 5ms
2018-09-25 16:27:56,005 INFO 36448 [egg:logger] init all loggers with options: {"dir":"D:\\workspace\\node\\wechat-egg\\logs\\wechat-egg","encoding":"utf8","env":"local","level":"INFO","consoleLevel":"INFO","disableConsoleAfterReady":false,"outputJSON":false,"buffer":true,"appLogName":"wechat-egg-web.log","coreLogName":"egg-web.log","agentLogName":"egg-agent.log","errorLogName":"common-error.log","coreLogger":{"consoleLevel":"WARN"},"allowDebugAtProd":false,"type":"application"}
2018-09-25 16:27:56,093 INFO 36448 [egg-schedule]: register schedule D:\workspace\node\wechat-egg\node_modules\egg-logrotator\app\schedule\clean_log.js
2018-09-25 16:27:56,093 INFO 36448 [egg-schedule]: register schedule D:\workspace\node\wechat-egg\node_modules\egg-logrotator\app\schedule\rotate_by_file.js
2018-09-25 16:27:56,445 INFO 36448 [egg-static] starting static serve /public/ -> D:\workspace\node\wechat-egg\app\public
2018-09-25 16:27:56,449 INFO 36448 [egg-security] use methodnoallow middleware
2018-09-25 16:27:56,452 INFO 36448 [egg-security] use noopen middleware
2018-09-25 16:27:56,454 INFO 36448 [egg-security] use nosniff middleware
2018-09-25 16:27:56,457 INFO 36448 [egg-security] use xssProtection middleware
2018-09-25 16:27:56,459 INFO 36448 [egg-security] use xframe middleware
2018-09-25 16:27:56,461 INFO 36448 [egg-security] use dta middleware
2018-09-25 16:27:56,461 INFO 36448 [egg-security] compose 6 middlewares into one security middleware
2018-09-25 16:27:56,487 INFO 36448 [egg:core] dump config after load, 13ms
2018-09-25 16:27:56,504 INFO 36448 [egg-watcher:application] watcher start success
2018-09-25 16:27:56,566 INFO 36448 [egg:core] dump config after ready, 59ms
2018-09-25 16:29:25,753 INFO 13316 [egg:logger] init all loggers with options: {"dir":"D:\\workspace\\node\\wechat-egg\\logs\\wechat-egg","encoding":"utf8","env":"local","level":"INFO","consoleLevel":"INFO","disableConsoleAfterReady":false,"outputJSON":false,"buffer":true,"appLogName":"wechat-egg-web.log","coreLogName":"egg-web.log","agentLogName":"egg-agent.log","errorLogName":"common-error.log","coreLogger":{"consoleLevel":"WARN"},"allowDebugAtProd":false,"type":"application"}
2018-09-25 16:29:25,796 INFO 13316 [egg-schedule]: register schedule D:\workspace\node\wechat-egg\node_modules\egg-logrotator\app\schedule\clean_log.js
2018-09-25 16:29:25,796 INFO 13316 [egg-schedule]: register schedule D:\workspace\node\wechat-egg\node_modules\egg-logrotator\app\schedule\rotate_by_file.js
2018-09-25 16:29:25,942 INFO 13316 [egg-static] starting static serve /public/ -> D:\workspace\node\wechat-egg\app\public
2018-09-25 16:29:25,945 INFO 13316 [egg-security] use methodnoallow middleware
2018-09-25 16:29:25,946 INFO 13316 [egg-security] use noopen middleware
2018-09-25 16:29:25,948 INFO 13316 [egg-security] use nosniff middleware
2018-09-25 16:29:25,949 INFO 13316 [egg-security] use xssProtection middleware
2018-09-25 16:29:25,949 INFO 13316 [egg-security] use xframe middleware
2018-09-25 16:29:25,950 INFO 13316 [egg-security] use dta middleware
2018-09-25 16:29:25,950 INFO 13316 [egg-security] compose 6 middlewares into one security middleware
2018-09-25 16:29:25,968 INFO 13316 [egg:core] dump config after load, 6ms
2018-09-25 16:29:25,998 INFO 13316 [egg-watcher:application] watcher start success
2018-09-25 16:29:26,010 INFO 13316 [egg:core] dump config after ready, 9ms
2018-09-25 16:30:10,077 INFO 22716 [egg:logger] init all loggers with options: {"dir":"D:\\workspace\\node\\wechat-egg\\logs\\wechat-egg","encoding":"utf8","env":"local","level":"INFO","consoleLevel":"INFO","disableConsoleAfterReady":false,"outputJSON":false,"buffer":true,"appLogName":"wechat-egg-web.log","coreLogName":"egg-web.log","agentLogName":"egg-agent.log","errorLogName":"common-error.log","coreLogger":{"consoleLevel":"WARN"},"allowDebugAtProd":false,"type":"application"}
2018-09-25 16:30:10,120 INFO 22716 [egg-schedule]: register schedule D:\workspace\node\wechat-egg\node_modules\egg-logrotator\app\schedule\clean_log.js
2018-09-25 16:30:10,120 INFO 22716 [egg-schedule]: register schedule D:\workspace\node\wechat-egg\node_modules\egg-logrotator\app\schedule\rotate_by_file.js
2018-09-25 16:30:10,269 INFO 22716 [egg-static] starting static serve /public/ -> D:\workspace\node\wechat-egg\app\public
2018-09-25 16:30:10,272 INFO 22716 [egg-security] use methodnoallow middleware
2018-09-25 16:30:10,273 INFO 22716 [egg-security] use noopen middleware
2018-09-25 16:30:10,274 INFO 22716 [egg-security] use nosniff middleware
2018-09-25 16:30:10,275 INFO 22716 [egg-security] use xssProtection middleware
2018-09-25 16:30:10,276 INFO 22716 [egg-security] use xframe middleware
2018-09-25 16:30:10,276 INFO 22716 [egg-security] use dta middleware
2018-09-25 16:30:10,276 INFO 22716 [egg-security] compose 6 middlewares into one security middleware
2018-09-25 16:30:10,291 INFO 22716 [egg:core] dump config after load, 6ms
2018-09-25 16:30:10,324 INFO 22716 [egg-watcher:application] watcher start success
2018-09-25 16:30:10,330 INFO 22716 [egg:core] dump config after ready, 4ms
2018-09-25 16:33:10,955 INFO 22716 [egg-view-nunjucks] loading templates from ["D:\\workspace\\node\\wechat-egg\\app\\view"]
2018-09-25 17:24:41,013 INFO 12660 [egg:logger] init all loggers with options: {"dir":"D:\\workspace\\node\\wechat-egg\\logs\\wechat-egg","encoding":"utf8","env":"local","level":"INFO","consoleLevel":"INFO","disableConsoleAfterReady":false,"outputJSON":false,"buffer":true,"appLogName":"wechat-egg-web.log","coreLogName":"egg-web.log","agentLogName":"egg-agent.log","errorLogName":"common-error.log","coreLogger":{"consoleLevel":"WARN"},"allowDebugAtProd":false,"type":"application"}
2018-09-25 17:24:41,054 INFO 12660 [egg-schedule]: register schedule D:\workspace\node\wechat-egg\node_modules\egg-logrotator\app\schedule\clean_log.js
2018-09-25 17:24:41,054 INFO 12660 [egg-schedule]: register schedule D:\workspace\node\wechat-egg\node_modules\egg-logrotator\app\schedule\rotate_by_file.js
2018-09-25 17:24:41,203 INFO 12660 [egg-static] starting static serve /public/ -> D:\workspace\node\wechat-egg\app\public
2018-09-25 17:24:41,206 INFO 12660 [egg-security] use methodnoallow middleware
2018-09-25 17:24:41,207 INFO 12660 [egg-security] use noopen middleware
2018-09-25 17:24:41,208 INFO 12660 [egg-security] use nosniff middleware
2018-09-25 17:24:41,209 INFO 12660 [egg-security] use xssProtection middleware
2018-09-25 17:24:41,209 INFO 12660 [egg-security] use xframe middleware
2018-09-25 17:24:41,210 INFO 12660 [egg-security] use dta middleware
2018-09-25 17:24:41,210 INFO 12660 [egg-security] compose 6 middlewares into one security middleware
2018-09-25 17:24:41,222 INFO 12660 [egg:core] dump config after load, 5ms
2018-09-25 17:24:41,236 INFO 12660 [egg-watcher:application] watcher start success
2018-09-25 17:24:41,249 INFO 12660 [egg:core] dump config after ready, 11ms
2018-09-25 17:51:30,187 INFO 39180 [egg:logger] init all loggers with options: {"dir":"D:\\workspace\\node\\wechat-egg\\logs\\wechat-egg","encoding":"utf8","env":"local","level":"INFO","consoleLevel":"INFO","disableConsoleAfterReady":false,"outputJSON":false,"buffer":true,"appLogName":"wechat-egg-web.log","coreLogName":"egg-web.log","agentLogName":"egg-agent.log","errorLogName":"common-error.log","coreLogger":{"consoleLevel":"WARN"},"allowDebugAtProd":false,"type":"application"}
2018-09-25 17:51:30,233 INFO 39180 [egg-schedule]: register schedule D:\workspace\node\wechat-egg\node_modules\egg-logrotator\app\schedule\clean_log.js
2018-09-25 17:51:30,233 INFO 39180 [egg-schedule]: register schedule D:\workspace\node\wechat-egg\node_modules\egg-logrotator\app\schedule\rotate_by_file.js
2018-09-25 17:51:30,377 INFO 39180 [egg-static] starting static serve /public/ -> D:\workspace\node\wechat-egg\app\public
2018-09-25 17:51:30,380 INFO 39180 [egg-security] use methodnoallow middleware
2018-09-25 17:51:30,381 INFO 39180 [egg-security] use noopen middleware
2018-09-25 17:51:30,382 INFO 39180 [egg-security] use nosniff middleware
2018-09-25 17:51:30,383 INFO 39180 [egg-security] use xssProtection middleware
2018-09-25 17:51:30,383 INFO 39180 [egg-security] use xframe middleware
2018-09-25 17:51:30,384 INFO 39180 [egg-security] use dta middleware
2018-09-25 17:51:30,384 INFO 39180 [egg-security] compose 6 middlewares into one security middleware
2018-09-25 17:51:30,397 INFO 39180 [egg:core] dump config after load, 6ms
2018-09-25 17:51:30,426 INFO 39180 [egg-watcher:application] watcher start success
2018-09-25 17:51:30,437 INFO 39180 [egg:core] dump config after ready, 8ms
2018-09-25 17:51:34,847 INFO 21864 [egg:logger] init all loggers with options: {"dir":"D:\\workspace\\node\\wechat-egg\\logs\\wechat-egg","encoding":"utf8","env":"local","level":"INFO","consoleLevel":"INFO","disableConsoleAfterReady":false,"outputJSON":false,"buffer":true,"appLogName":"wechat-egg-web.log","coreLogName":"egg-web.log","agentLogName":"egg-agent.log","errorLogName":"common-error.log","coreLogger":{"consoleLevel":"WARN"},"allowDebugAtProd":false,"type":"application"}
2018-09-25 17:51:34,915 INFO 21864 [egg-schedule]: register schedule D:\workspace\node\wechat-egg\node_modules\egg-logrotator\app\schedule\clean_log.js
2018-09-25 17:51:34,915 INFO 21864 [egg-schedule]: register schedule D:\workspace\node\wechat-egg\node_modules\egg-logrotator\app\schedule\rotate_by_file.js
2018-09-25 17:51:35,098 INFO 21864 [egg-static] starting static serve /public/ -> D:\workspace\node\wechat-egg\app\public
2018-09-25 17:51:35,103 INFO 21864 [egg-security] use methodnoallow middleware
2018-09-25 17:51:35,104 INFO 21864 [egg-security] use noopen middleware
2018-09-25 17:51:35,106 INFO 21864 [egg-security] use nosniff middleware
2018-09-25 17:51:35,107 INFO 21864 [egg-security] use xssProtection middleware
2018-09-25 17:51:35,107 INFO 21864 [egg-security] use xframe middleware
2018-09-25 17:51:35,108 INFO 21864 [egg-security] use dta middleware
2018-09-25 17:51:35,108 INFO 21864 [egg-security] compose 6 middlewares into one security middleware
2018-09-25 17:51:35,160 INFO 21864 [egg:core] dump config after load, 41ms
2018-09-25 17:51:35,197 INFO 21864 [egg-watcher:application] watcher start success
2018-09-25 17:51:35,206 INFO 21864 [egg:core] dump config after ready, 6ms
2018-09-25 17:51:49,220 INFO 29412 [egg:logger] init all loggers with options: {"dir":"D:\\workspace\\node\\wechat-egg\\logs\\wechat-egg","encoding":"utf8","env":"local","level":"INFO","consoleLevel":"INFO","disableConsoleAfterReady":false,"outputJSON":false,"buffer":true,"appLogName":"wechat-egg-web.log","coreLogName":"egg-web.log","agentLogName":"egg-agent.log","errorLogName":"common-error.log","coreLogger":{"consoleLevel":"WARN"},"allowDebugAtProd":false,"type":"application"}
2018-09-25 17:51:49,261 INFO 29412 [egg-schedule]: register schedule D:\workspace\node\wechat-egg\node_modules\egg-logrotator\app\schedule\clean_log.js
2018-09-25 17:51:49,262 INFO 29412 [egg-schedule]: register schedule D:\workspace\node\wechat-egg\node_modules\egg-logrotator\app\schedule\rotate_by_file.js
2018-09-25 17:51:49,413 INFO 29412 [egg-static] starting static serve /public/ -> D:\workspace\node\wechat-egg\app\public
2018-09-25 17:51:49,416 INFO 29412 [egg-security] use methodnoallow middleware
2018-09-25 17:51:49,417 INFO 29412 [egg-security] use noopen middleware
2018-09-25 17:51:49,418 INFO 29412 [egg-security] use nosniff middleware
2018-09-25 17:51:49,419 INFO 29412 [egg-security] use xssProtection middleware
2018-09-25 17:51:49,420 INFO 29412 [egg-security] use xframe middleware
2018-09-25 17:51:49,420 INFO 29412 [egg-security] use dta middleware
2018-09-25 17:51:49,420 INFO 29412 [egg-security] compose 6 middlewares into one security middleware
2018-09-25 17:51:49,433 INFO 29412 [egg:core] dump config after load, 6ms
2018-09-25 17:51:49,461 INFO 29412 [egg-watcher:application] watcher start success
2018-09-25 17:51:49,468 INFO 29412 [egg:core] dump config after ready, 5ms
2018-09-25 17:51:53,316 INFO 17732 [egg:logger] init all loggers with options: {"dir":"D:\\workspace\\node\\wechat-egg\\logs\\wechat-egg","encoding":"utf8","env":"local","level":"INFO","consoleLevel":"INFO","disableConsoleAfterReady":false,"outputJSON":false,"buffer":true,"appLogName":"wechat-egg-web.log","coreLogName":"egg-web.log","agentLogName":"egg-agent.log","errorLogName":"common-error.log","coreLogger":{"consoleLevel":"WARN"},"allowDebugAtProd":false,"type":"application"}
2018-09-25 17:51:53,368 INFO 17732 [egg-schedule]: register schedule D:\workspace\node\wechat-egg\node_modules\egg-logrotator\app\schedule\clean_log.js
2018-09-25 17:51:53,368 INFO 17732 [egg-schedule]: register schedule D:\workspace\node\wechat-egg\node_modules\egg-logrotator\app\schedule\rotate_by_file.js
2018-09-25 17:51:53,546 INFO 17732 [egg-static] starting static serve /public/ -> D:\workspace\node\wechat-egg\app\public
2018-09-25 17:51:53,550 INFO 17732 [egg-security] use methodnoallow middleware
2018-09-25 17:51:53,551 INFO 17732 [egg-security] use noopen middleware
2018-09-25 17:51:53,552 INFO 17732 [egg-security] use nosniff middleware
2018-09-25 17:51:53,553 INFO 17732 [egg-security] use xssProtection middleware
2018-09-25 17:51:53,554 INFO 17732 [egg-security] use xframe middleware
2018-09-25 17:51:53,555 INFO 17732 [egg-security] use dta middleware
2018-09-25 17:51:53,555 INFO 17732 [egg-security] compose 6 middlewares into one security middleware
2018-09-25 17:51:53,569 INFO 17732 [egg:core] dump config after load, 5ms
2018-09-25 17:51:53,582 INFO 17732 [egg-watcher:application] watcher start success
2018-09-25 17:51:53,603 INFO 17732 [egg:core] dump config after ready, 16ms
